<!DOCTYPE html PUBLIC "-//W3C//DTD XHTML 1.1//EN" "https://www.w3.org/TR/xhtml11/DTD/xhtml11.dtd">
<html xmlns="https://www.w3.org/1999/xhtml">
<head>
<meta http-equiv="content-type" content="text/html; charset=UTF-8"/>
<title>TestNG Report</title>
<style type="text/css">table {margin-bottom:10px;border-collapse:collapse;empty-cells:show}th,td {border:1px solid #009;padding:.25em .5em}th {vertical-align:bottom}td {vertical-align:top}table a {font-weight:bold}.stripe td {background-color: #E6EBF9}.num {text-align:right}.passedodd td {background-color: #3F3}.passedeven td {background-color: #0A0}.skippedodd td {background-color: #DDD}.skippedeven td {background-color: #CCC}.failedodd td,.attn {background-color: #F33}.failedeven td,.stripe .attn {background-color: #D00}.stacktrace {white-space:pre;font-family:monospace}.totop {font-size:85%;text-align:center;border-bottom:2px solid #000}.invisible {display:none}</style>
</head>
<body>
<table>
<tr><th>Test</th><th># Passed</th><th># Skipped</th><th># Retried</th><th># Failed</th><th>Time (ms)</th><th>Included Groups</th><th>Excluded Groups</th></tr>
<tr><th colspan="8">FREE CRM Application Test Automation Test Suite</th></tr>
<tr><td><a href="#t0">Free CRM App Test Cases</a></td><td class="num">6</td><td class="num">0</td><td class="num attn">6</td><td class="num attn">3</td><td class="num">802,901</td><td></td><td></td></tr>
</table>
<table id='summary'><thead><tr><th>Class</th><th>Method</th><th>Start</th><th>Time (ms)</th></tr></thead><tbody><tr><th colspan="4">FREE CRM Application Test Automation Test Suite</th></tr></tbody><tbody id="t0"><tr><th colspan="4">Free CRM App Test Cases &#8212; failed</th></tr><tr class="failedeven"><td rowspan="3">com.crm.qa.tests.TestContactsPage</td><td><a href="#m0">createContact</a></td><td rowspan="3">1658585639878</td><td rowspan="3">60082</td></tr><tr class="failedeven"><td><a href="#m1">createContact</a></td></tr><tr class="failedeven"><td><a href="#m2">createContact</a></td></tr><tr><th colspan="4">Free CRM App Test Cases &#8212; retried</th></tr><tr class="retriedeven"><td rowspan="6">com.crm.qa.tests.TestContactsPage</td><td><a href="#m3">createContact</a></td><td rowspan="6">1658585564565</td><td rowspan="6">60058</td></tr><tr class="retriedeven"><td><a href="#m4">createContact</a></td></tr><tr class="retriedeven"><td><a href="#m5">createContact</a></td></tr><tr class="retriedeven"><td><a href="#m6">createContact</a></td></tr><tr class="retriedeven"><td><a href="#m7">createContact</a></td></tr><tr class="retriedeven"><td><a href="#m8">createContact</a></td></tr><tr><th colspan="4">Free CRM App Test Cases &#8212; passed</th></tr><tr class="passedeven"><td rowspan="1">com.crm.qa.tests.TestContactsPage</td><td><a href="#m9">validateUserInfoInContactsPage</a></td><td rowspan="1">1658585231930</td><td rowspan="1">148</td></tr><tr class="passedodd"><td rowspan="3">com.crm.qa.tests.TestHomePage</td><td><a href="#m10">clickContacts</a></td><td rowspan="1">1658585189982</td><td rowspan="1">1813</td></tr><tr class="passedodd"><td><a href="#m11">hoverOnContacts</a></td><td rowspan="1">1658585209084</td><td rowspan="1">5196</td></tr><tr class="passedodd"><td><a href="#m12">validateUserInfo</a></td><td rowspan="1">1658585171955</td><td rowspan="1">348</td></tr><tr class="passedeven"><td rowspan="2">com.crm.qa.tests.TestLoginPage</td><td><a href="#m13">validateLogin</a></td><td rowspan="1">1658585147269</td><td rowspan="1">9649</td></tr><tr class="passedeven"><td><a href="#m14">validateTitle</a></td><td rowspan="1">1658585138151</td><td rowspan="1">45</td></tr></tbody>
</table>
<h2>Free CRM App Test Cases</h2><h3 id="m0">com.crm.qa.tests.TestContactsPage#createContact</h3><table class="result"><tr class="param"><th>Parameter #1</th></tr><tr class="param stripe"><td>{&quot;firstName&quot;:&quot;Peter&quot;,&quot;lastName&quot;:&quot;Tom&quot;}</td></tr><tr><th>Exception</th></tr><tr><td><div class="stacktrace">org.openqa.selenium.NoSuchFrameException: No frame element found by name or id mainpanel
Build info: version: &apos;4.3.0&apos;, revision: &apos;a4995e2c09*&apos;
System info: host: &apos;INWPF1BWGP9-AAD&apos;, ip: &apos;192.168.1.3&apos;, os.name: &apos;Windows 10&apos;, os.arch: &apos;amd64&apos;, os.version: &apos;10.0&apos;, java.version: &apos;15.0.1&apos;
Driver info: driver.version: unknown
	at org.openqa.selenium.remote.RemoteWebDriver$RemoteTargetLocator.frame(RemoteWebDriver.java:1088)
	at org.openqa.selenium.support.decorators.WebDriverDecorator.call(WebDriverDecorator.java:236)
	at org.openqa.selenium.support.decorators.DefaultDecorated.call(DefaultDecorated.java:48)
	at org.openqa.selenium.support.decorators.WebDriverDecorator.lambda$createProxy$0(WebDriverDecorator.java:298)
	at net.bytebuddy.renamed.java.lang.Object$ByteBuddy$CYG3tlkW.frame(Unknown Source)
	at com.crm.qa.pages.HomePage.hoverOnContacts(HomePage.java:46)
	at com.crm.qa.tests.TestContactsPage.createContact(TestContactsPage.java:48)
	at java.base/java.util.ArrayList.forEach(ArrayList.java:1511)
... Removed 31 stack frames</div></td></tr></table><p class="totop"><a href="#summary">back to summary</a></p>
<h3 id="m1">com.crm.qa.tests.TestContactsPage#createContact</h3><table class="result"><tr class="param"><th>Parameter #1</th></tr><tr class="param stripe"><td>{&quot;firstName&quot;:&quot;John&quot;,&quot;lastName&quot;:&quot;Kennedy&quot;}</td></tr><tr><th>Exception</th></tr><tr><td><div class="stacktrace">org.openqa.selenium.NoSuchFrameException: No frame element found by name or id mainpanel
Build info: version: &apos;4.3.0&apos;, revision: &apos;a4995e2c09*&apos;
System info: host: &apos;INWPF1BWGP9-AAD&apos;, ip: &apos;192.168.1.3&apos;, os.name: &apos;Windows 10&apos;, os.arch: &apos;amd64&apos;, os.version: &apos;10.0&apos;, java.version: &apos;15.0.1&apos;
Driver info: driver.version: unknown
	at org.openqa.selenium.remote.RemoteWebDriver$RemoteTargetLocator.frame(RemoteWebDriver.java:1088)
	at org.openqa.selenium.support.decorators.WebDriverDecorator.call(WebDriverDecorator.java:236)
	at org.openqa.selenium.support.decorators.DefaultDecorated.call(DefaultDecorated.java:48)
	at org.openqa.selenium.support.decorators.WebDriverDecorator.lambda$createProxy$0(WebDriverDecorator.java:298)
	at net.bytebuddy.renamed.java.lang.Object$ByteBuddy$YfDPozrY.frame(Unknown Source)
	at com.crm.qa.pages.HomePage.hoverOnContacts(HomePage.java:46)
	at com.crm.qa.tests.TestContactsPage.createContact(TestContactsPage.java:48)
	at java.base/java.util.ArrayList.forEach(ArrayList.java:1511)
... Removed 31 stack frames</div></td></tr></table><p class="totop"><a href="#summary">back to summary</a></p>
<h3 id="m2">com.crm.qa.tests.TestContactsPage#createContact</h3><table class="result"><tr class="param"><th>Parameter #1</th></tr><tr class="param stripe"><td>{&quot;firstName&quot;:&quot;Ket&quot;,&quot;lastName&quot;:&quot;Winslet&quot;}</td></tr><tr><th>Exception</th></tr><tr><td><div class="stacktrace">org.openqa.selenium.NoSuchFrameException: No frame element found by name or id mainpanel
Build info: version: &apos;4.3.0&apos;, revision: &apos;a4995e2c09*&apos;
System info: host: &apos;INWPF1BWGP9-AAD&apos;, ip: &apos;192.168.1.3&apos;, os.name: &apos;Windows 10&apos;, os.arch: &apos;amd64&apos;, os.version: &apos;10.0&apos;, java.version: &apos;15.0.1&apos;
Driver info: driver.version: unknown
	at org.openqa.selenium.remote.RemoteWebDriver$RemoteTargetLocator.frame(RemoteWebDriver.java:1088)
	at org.openqa.selenium.support.decorators.WebDriverDecorator.call(WebDriverDecorator.java:236)
	at org.openqa.selenium.support.decorators.DefaultDecorated.call(DefaultDecorated.java:48)
	at org.openqa.selenium.support.decorators.WebDriverDecorator.lambda$createProxy$0(WebDriverDecorator.java:298)
	at net.bytebuddy.renamed.java.lang.Object$ByteBuddy$r2hhw8Ro.frame(Unknown Source)
	at com.crm.qa.pages.HomePage.hoverOnContacts(HomePage.java:46)
	at com.crm.qa.tests.TestContactsPage.createContact(TestContactsPage.java:48)
	at java.base/java.util.ArrayList.forEach(ArrayList.java:1511)
... Removed 30 stack frames</div></td></tr></table><p class="totop"><a href="#summary">back to summary</a></p>
<h3 id="m3">com.crm.qa.tests.TestContactsPage#createContact</h3><table class="result"><tr class="param"><th>Parameter #1</th></tr><tr class="param stripe"><td>{&quot;firstName&quot;:&quot;Peter&quot;,&quot;lastName&quot;:&quot;Tom&quot;}</td></tr><tr><th>Exception</th></tr><tr><td><div class="stacktrace">org.openqa.selenium.NoSuchFrameException: No frame element found by name or id mainpanel
Build info: version: &apos;4.3.0&apos;, revision: &apos;a4995e2c09*&apos;
System info: host: &apos;INWPF1BWGP9-AAD&apos;, ip: &apos;192.168.1.3&apos;, os.name: &apos;Windows 10&apos;, os.arch: &apos;amd64&apos;, os.version: &apos;10.0&apos;, java.version: &apos;15.0.1&apos;
Driver info: driver.version: unknown
	at org.openqa.selenium.remote.RemoteWebDriver$RemoteTargetLocator.frame(RemoteWebDriver.java:1088)
	at org.openqa.selenium.support.decorators.WebDriverDecorator.call(WebDriverDecorator.java:236)
	at org.openqa.selenium.support.decorators.DefaultDecorated.call(DefaultDecorated.java:48)
	at org.openqa.selenium.support.decorators.WebDriverDecorator.lambda$createProxy$0(WebDriverDecorator.java:298)
	at net.bytebuddy.renamed.java.lang.Object$ByteBuddy$qTStw8OM.frame(Unknown Source)
	at com.crm.qa.pages.HomePage.hoverOnContacts(HomePage.java:46)
	at com.crm.qa.tests.TestContactsPage.createContact(TestContactsPage.java:48)
	at java.base/java.util.ArrayList.forEach(ArrayList.java:1511)
... Removed 31 stack frames</div></td></tr></table><p class="totop"><a href="#summary">back to summary</a></p>
<h3 id="m4">com.crm.qa.tests.TestContactsPage#createContact</h3><table class="result"><tr class="param"><th>Parameter #1</th></tr><tr class="param stripe"><td>{&quot;firstName&quot;:&quot;Ket&quot;,&quot;lastName&quot;:&quot;Winslet&quot;}</td></tr><tr><th>Exception</th></tr><tr><td><div class="stacktrace">org.openqa.selenium.NoSuchFrameException: No frame element found by name or id mainpanel
Build info: version: &apos;4.3.0&apos;, revision: &apos;a4995e2c09*&apos;
System info: host: &apos;INWPF1BWGP9-AAD&apos;, ip: &apos;192.168.1.3&apos;, os.name: &apos;Windows 10&apos;, os.arch: &apos;amd64&apos;, os.version: &apos;10.0&apos;, java.version: &apos;15.0.1&apos;
Driver info: driver.version: unknown
	at org.openqa.selenium.remote.RemoteWebDriver$RemoteTargetLocator.frame(RemoteWebDriver.java:1088)
	at org.openqa.selenium.support.decorators.WebDriverDecorator.call(WebDriverDecorator.java:236)
	at org.openqa.selenium.support.decorators.DefaultDecorated.call(DefaultDecorated.java:48)
	at org.openqa.selenium.support.decorators.WebDriverDecorator.lambda$createProxy$0(WebDriverDecorator.java:298)
	at net.bytebuddy.renamed.java.lang.Object$ByteBuddy$JZ2rrVz6.frame(Unknown Source)
	at com.crm.qa.pages.HomePage.hoverOnContacts(HomePage.java:46)
	at com.crm.qa.tests.TestContactsPage.createContact(TestContactsPage.java:48)
	at java.base/java.util.ArrayList.forEach(ArrayList.java:1511)
... Removed 30 stack frames</div></td></tr></table><p class="totop"><a href="#summary">back to summary</a></p>
<h3 id="m5">com.crm.qa.tests.TestContactsPage#createContact</h3><table class="result"><tr class="param"><th>Parameter #1</th></tr><tr class="param stripe"><td>{&quot;firstName&quot;:&quot;John&quot;,&quot;lastName&quot;:&quot;Kennedy&quot;}</td></tr><tr><th>Exception</th></tr><tr><td><div class="stacktrace">org.openqa.selenium.NoSuchFrameException: No frame element found by name or id mainpanel
Build info: version: &apos;4.3.0&apos;, revision: &apos;a4995e2c09*&apos;
System info: host: &apos;INWPF1BWGP9-AAD&apos;, ip: &apos;192.168.1.3&apos;, os.name: &apos;Windows 10&apos;, os.arch: &apos;amd64&apos;, os.version: &apos;10.0&apos;, java.version: &apos;15.0.1&apos;
Driver info: driver.version: unknown
	at org.openqa.selenium.remote.RemoteWebDriver$RemoteTargetLocator.frame(RemoteWebDriver.java:1088)
	at org.openqa.selenium.support.decorators.WebDriverDecorator.call(WebDriverDecorator.java:236)
	at org.openqa.selenium.support.decorators.DefaultDecorated.call(DefaultDecorated.java:48)
	at org.openqa.selenium.support.decorators.WebDriverDecorator.lambda$createProxy$0(WebDriverDecorator.java:298)
	at net.bytebuddy.renamed.java.lang.Object$ByteBuddy$QLwtmLpn.frame(Unknown Source)
	at com.crm.qa.pages.HomePage.hoverOnContacts(HomePage.java:46)
	at com.crm.qa.tests.TestContactsPage.createContact(TestContactsPage.java:48)
	at java.base/java.util.ArrayList.forEach(ArrayList.java:1511)
... Removed 31 stack frames</div></td></tr></table><p class="totop"><a href="#summary">back to summary</a></p>
<h3 id="m6">com.crm.qa.tests.TestContactsPage#createContact</h3><table class="result"><tr class="param"><th>Parameter #1</th></tr><tr class="param stripe"><td>{&quot;firstName&quot;:&quot;Ket&quot;,&quot;lastName&quot;:&quot;Winslet&quot;}</td></tr><tr><th>Exception</th></tr><tr><td><div class="stacktrace">org.openqa.selenium.NoSuchFrameException: No frame element found by name or id mainpanel
Build info: version: &apos;4.3.0&apos;, revision: &apos;a4995e2c09*&apos;
System info: host: &apos;INWPF1BWGP9-AAD&apos;, ip: &apos;192.168.1.3&apos;, os.name: &apos;Windows 10&apos;, os.arch: &apos;amd64&apos;, os.version: &apos;10.0&apos;, java.version: &apos;15.0.1&apos;
Driver info: driver.version: unknown
	at org.openqa.selenium.remote.RemoteWebDriver$RemoteTargetLocator.frame(RemoteWebDriver.java:1088)
	at org.openqa.selenium.support.decorators.WebDriverDecorator.call(WebDriverDecorator.java:236)
	at org.openqa.selenium.support.decorators.DefaultDecorated.call(DefaultDecorated.java:48)
	at org.openqa.selenium.support.decorators.WebDriverDecorator.lambda$createProxy$0(WebDriverDecorator.java:298)
	at net.bytebuddy.renamed.java.lang.Object$ByteBuddy$lKsQuKNZ.frame(Unknown Source)
	at com.crm.qa.pages.HomePage.hoverOnContacts(HomePage.java:46)
	at com.crm.qa.tests.TestContactsPage.createContact(TestContactsPage.java:48)
	at java.base/java.util.ArrayList.forEach(ArrayList.java:1511)
... Removed 30 stack frames</div></td></tr></table><p class="totop"><a href="#summary">back to summary</a></p>
<h3 id="m7">com.crm.qa.tests.TestContactsPage#createContact</h3><table class="result"><tr class="param"><th>Parameter #1</th></tr><tr class="param stripe"><td>{&quot;firstName&quot;:&quot;John&quot;,&quot;lastName&quot;:&quot;Kennedy&quot;}</td></tr><tr><th>Exception</th></tr><tr><td><div class="stacktrace">org.openqa.selenium.NoSuchFrameException: No frame element found by name or id mainpanel
Build info: version: &apos;4.3.0&apos;, revision: &apos;a4995e2c09*&apos;
System info: host: &apos;INWPF1BWGP9-AAD&apos;, ip: &apos;192.168.1.3&apos;, os.name: &apos;Windows 10&apos;, os.arch: &apos;amd64&apos;, os.version: &apos;10.0&apos;, java.version: &apos;15.0.1&apos;
Driver info: driver.version: unknown
	at org.openqa.selenium.remote.RemoteWebDriver$RemoteTargetLocator.frame(RemoteWebDriver.java:1088)
	at org.openqa.selenium.support.decorators.WebDriverDecorator.call(WebDriverDecorator.java:236)
	at org.openqa.selenium.support.decorators.DefaultDecorated.call(DefaultDecorated.java:48)
	at org.openqa.selenium.support.decorators.WebDriverDecorator.lambda$createProxy$0(WebDriverDecorator.java:298)
	at net.bytebuddy.renamed.java.lang.Object$ByteBuddy$F3gYYzz8.frame(Unknown Source)
	at com.crm.qa.pages.HomePage.hoverOnContacts(HomePage.java:46)
	at com.crm.qa.tests.TestContactsPage.createContact(TestContactsPage.java:48)
	at java.base/java.util.ArrayList.forEach(ArrayList.java:1511)
... Removed 31 stack frames</div></td></tr></table><p class="totop"><a href="#summary">back to summary</a></p>
<h3 id="m8">com.crm.qa.tests.TestContactsPage#createContact</h3><table class="result"><tr class="param"><th>Parameter #1</th></tr><tr class="param stripe"><td>{&quot;firstName&quot;:&quot;Peter&quot;,&quot;lastName&quot;:&quot;Tom&quot;}</td></tr><tr><th>Exception</th></tr><tr><td><div class="stacktrace">org.openqa.selenium.NoSuchFrameException: No frame element found by name or id mainpanel
Build info: version: &apos;4.3.0&apos;, revision: &apos;a4995e2c09*&apos;
System info: host: &apos;INWPF1BWGP9-AAD&apos;, ip: &apos;192.168.1.3&apos;, os.name: &apos;Windows 10&apos;, os.arch: &apos;amd64&apos;, os.version: &apos;10.0&apos;, java.version: &apos;15.0.1&apos;
Driver info: driver.version: unknown
	at org.openqa.selenium.remote.RemoteWebDriver$RemoteTargetLocator.frame(RemoteWebDriver.java:1088)
	at org.openqa.selenium.support.decorators.WebDriverDecorator.call(WebDriverDecorator.java:236)
	at org.openqa.selenium.support.decorators.DefaultDecorated.call(DefaultDecorated.java:48)
	at org.openqa.selenium.support.decorators.WebDriverDecorator.lambda$createProxy$0(WebDriverDecorator.java:298)
	at net.bytebuddy.renamed.java.lang.Object$ByteBuddy$hzQ349yW.frame(Unknown Source)
	at com.crm.qa.pages.HomePage.hoverOnContacts(HomePage.java:46)
	at com.crm.qa.tests.TestContactsPage.createContact(TestContactsPage.java:48)
	at java.base/java.util.ArrayList.forEach(ArrayList.java:1511)
... Removed 31 stack frames</div></td></tr></table><p class="totop"><a href="#summary">back to summary</a></p>
<h3 id="m9">com.crm.qa.tests.TestContactsPage#validateUserInfoInContactsPage</h3><table class="result"><tr><th class="invisible"/></tr></table><p class="totop"><a href="#summary">back to summary</a></p>
<h3 id="m10">com.crm.qa.tests.TestHomePage#clickContacts</h3><table class="result"><tr><th class="invisible"/></tr></table><p class="totop"><a href="#summary">back to summary</a></p>
<h3 id="m11">com.crm.qa.tests.TestHomePage#hoverOnContacts</h3><table class="result"><tr><th class="invisible"/></tr></table><p class="totop"><a href="#summary">back to summary</a></p>
<h3 id="m12">com.crm.qa.tests.TestHomePage#validateUserInfo</h3><table class="result"><tr><th class="invisible"/></tr></table><p class="totop"><a href="#summary">back to summary</a></p>
<h3 id="m13">com.crm.qa.tests.TestLoginPage#validateLogin</h3><table class="result"><tr><th class="invisible"/></tr></table><p class="totop"><a href="#summary">back to summary</a></p>
<h3 id="m14">com.crm.qa.tests.TestLoginPage#validateTitle</h3><table class="result"><tr><th class="invisible"/></tr></table><p class="totop"><a href="#summary">back to summary</a></p>
</body>
</html>
